Issue Title:
Clang frontend crashes when splitting declaration and definition of variadic concept template

Source Code & Bug Trace:
% clang-18 -std=c++20 test.cpp                                          
PLEASE submit a bug report to https://github.com/llvm/llvm-project/issues/ and include the crash backtrace, preprocessed source, and associated run script.
Stack dump:
0.      Program arguments: /usr/lib/llvm-18/bin/clang -cc1 -triple x86_64-pc-linux-gnu -emit-obj -mrelax-all -dumpdir a- -disable-free -clear-ast-before-backend -disable-llvm-verifier -discard-value-names -main-file-name test.cpp -mrelocation-model pic -pic-level 2 -pic-is-pie -mframe-pointer=all -fmath-errno -ffp-contract=on -fno-rounding-math -mconstructor-aliases -funwind-tables=2 -target-cpu x86-64 -tune-cpu generic -debugger-tuning=gdb -fdebug-compilation-dir=/tmp -fcoverage-compilation-dir=/tmp -resource-dir /usr/lib/llvm-18/lib/clang/18 -internal-isystem /usr/bin/../lib/gcc/x86_64-linux-gnu/13/../../../../include/c++/13 -internal-isystem /usr/bin/../lib/gcc/x86_64-linux-gnu/13/../../../../include/x86_64-linux-gnu/c++/13 -internal-isystem /usr/bin/../lib/gcc/x86_64-linux-gnu/13/../../../../include/c++/13/backward -internal-isystem /usr/lib/llvm-18/lib/clang/18/include -internal-isystem /usr/local/include -internal-isystem /usr/bin/../lib/gcc/x86_64-linux-gnu/13/../../../../x86_64-linux-gnu/include -internal-externc-isystem /usr/include/x86_64-linux-gnu -internal-externc-isystem /include -internal-externc-isystem /usr/include -std=c++20 -fdeprecated-macro -ferror-limit 19 -fgnuc-version=4.2.1 -fno-implicit-modules -fskip-odr-check-in-gmf -fcxx-exceptions -fexceptions -fcolor-diagnostics -faddrsig -D__GCC_HAVE_DWARF2_CFI_ASM=1 -o /tmp/test-d05e84.o -x c++ test.cpp
1.      test.cpp:9:61: current parser token '{'
 #0 0x000073a8883a63bf llvm::sys::PrintStackTrace(llvm::raw_ostream&, int) build-llvm/tools/clang/stage2-bins/llvm/lib/Support/Unix/Signals.inc:723:13
 #1 0x000073a8883a44f9 llvm::sys::RunSignalHandlers() build-llvm/tools/clang/stage2-bins/llvm/lib/Support/Signals.cpp:106:18
 #2 0x000073a8883a6b00 SignalHandler build-llvm/tools/clang/stage2-bins/llvm/lib/Support/Unix/Signals.inc:413:1
 #3 0x000073a886e45320 (/lib/x86_64-linux-gnu/libc.so.6+0x45320)
 #4 0x000073a88ff0b7d8 clang::TemplateArgument::isPackExpansion() const build-llvm/tools/clang/stage2-bins/clang/lib/AST/TemplateBase.cpp:318:3
 #5 0x000073a89097f052 getPackSubstitutedTemplateArgument build-llvm/tools/clang/stage2-bins/clang/lib/Sema/SemaTemplateInstantiate.cpp:1601:7
 #6 0x000073a89097f052 TransformTemplateTypeParmType build-llvm/tools/clang/stage2-bins/clang/lib/Sema/SemaTemplateInstantiate.cpp:2288:13
 #7 0x000073a890959d76 TransformQualifiedType build-llvm/tools/clang/stage2-bins/clang/lib/Sema/TreeTransform.h:0:27
 #8 0x000073a890959d76 TransformType build-llvm/tools/clang/stage2-bins/clang/include/clang/AST/TypeLocNodes.def:31:1
 #9 0x000073a89098015a isNull build-llvm/tools/clang/stage2-bins/llvm/include/llvm/ADT/PointerUnion.h:142:33
#10 0x000073a89098015a isNull build-llvm/tools/clang/stage2-bins/clang/include/clang/AST/Type.h:805:31
#11 0x000073a89098015a TransformReferenceType build-llvm/tools/clang/stage2-bins/clang/lib/Sema/TreeTransform.h:5275:19
#12 0x000073a8909599c4 isNull build-llvm/tools/clang/stage2-bins/llvm/include/llvm/ADT/PointerUnion.h:142:33
#13 0x000073a8909599c4 isNull build-llvm/tools/clang/stage2-bins/clang/include/clang/AST/Type.h:805:31
#14 0x000073a8909599c4 TransformType build-llvm/tools/clang/stage2-bins/clang/lib/Sema/TreeTransform.h:4899:14
#15 0x000073a890970a28 TransformTemplateArgument build-llvm/tools/clang/stage2-bins/clang/lib/Sema/TreeTransform.h:4628:10
#16 0x000073a890960207 TransformTemplateArguments<const clang::TemplateArgumentLoc *> build-llvm/tools/clang/stage2-bins/clang/lib/Sema/TreeTransform.h:4820:13
#17 0x000073a89096af04 TransformTemplateArguments build-llvm/tools/clang/stage2-bins/clang/lib/Sema/TreeTransform.h:0:12
#18 0x000073a89096af04 TransformConceptSpecializationExpr build-llvm/tools/clang/stage2-bins/clang/lib/Sema/TreeTransform.h:12972:20
#19 0x000073a890960be1 clang::Sema::SubstConstraintExprWithoutSatisfaction(clang::Expr*, clang::MultiLevelTemplateArgumentList const&) build-llvm/tools/clang/stage2-bins/clang/lib/Sema/SemaTemplateInstantiate.cpp:4137:23
#20 0x000073a890325d9f SubstituteConstraintExpressionWithoutSatisfaction build-llvm/tools/clang/stage2-bins/clang/lib/Sema/SemaConcept.cpp:805:33
#21 0x000073a890325b52 clang::Sema::AreConstraintExpressionsEqual(clang::NamedDecl const*, clang::Expr const*, clang::Sema::TemplateCompareNewDeclInfo const&, clang::Expr const*) build-llvm/tools/clang/stage2-bins/clang/lib/Sema/SemaConcept.cpp:825:21
#22 0x000073a89085f612 MatchTemplateParameterKind build-llvm/tools/clang/stage2-bins/clang/lib/Sema/SemaTemplate.cpp:8359:11
#23 0x000073a890848a6f clang::Sema::TemplateParameterListsAreEqual(clang::Sema::TemplateCompareNewDeclInfo const&, clang::TemplateParameterList*, clang::NamedDecl const*, clang::TemplateParameterList*, bool, clang::Sema::TemplateParameterListEqualKind, clang::SourceLocation) build-llvm/tools/clang/stage2-bins/clang/lib/Sema/SemaTemplate.cpp:8449:12
#24 0x000073a8907bbacd IsOverloadOrOverrideImpl build-llvm/tools/clang/stage2-bins/clang/lib/Sema/SemaOverload.cpp:1306:46
#25 0x000073a8907bb4b4 clang::Sema::CheckOverload(clang::Scope*, clang::FunctionDecl*, clang::LookupResult const&, clang::NamedDecl*&, bool) build-llvm/tools/clang/stage2-bins/clang/lib/Sema/SemaOverload.cpp:1160:11
#26 0x000073a89038cecf clang::Sema::CheckFunctionDeclaration(clang::Scope*, clang::FunctionDecl*, clang::LookupResult&, bool, bool) build-llvm/tools/clang/stage2-bins/clang/lib/Sema/SemaDecl.cpp:0:15
#27 0x000073a890381526 setRedeclaration build-llvm/tools/clang/stage2-bins/clang/include/clang/Sema/DeclSpec.h:2682:51
#28 0x000073a890381526 clang::Sema::ActOnFunctionDeclarator(clang::Scope*, clang::Declarator&, clang::DeclContext*, clang::TypeSourceInfo*, clang::LookupResult&, llvm::MutableArrayRef<clang::TemplateParameterList*>, bool&) build-llvm/tools/clang/stage2-bins/clang/lib/Sema/SemaDecl.cpp:10589:9
#29 0x000073a89037cd56 clang::Sema::HandleDeclarator(clang::Scope*, clang::Declarator&, llvm::MutableArrayRef<clang::TemplateParameterList*>) build-llvm/tools/clang/stage2-bins/clang/lib/Sema/SemaDecl.cpp:0:11
#30 0x000073a89039b28b clang::Sema::ActOnStartOfFunctionDef(clang::Scope*, clang::Declarator&, llvm::MutableArrayRef<clang::TemplateParameterList*>, clang::Sema::SkipBodyInfo*, clang::Sema::FnBodyKind) build-llvm/tools/clang/stage2-bins/clang/lib/Sema/SemaDecl.cpp:15453:15
#31 0x000073a88fa63e0e clang::Parser::ParseFunctionDefinition(clang::ParsingDeclarator&, clang::Parser::ParsedTemplateInfo const&, clang::Parser::LateParsedAttrList*) build-llvm/tools/clang/stage2-bins/clang/lib/Parse/Parser.cpp:1440:23
#32 0x000073a88fa51294 clang::Parser::ParseSingleDeclarationAfterTemplate(clang::DeclaratorContext, clang::Parser::ParsedTemplateInfo const&, clang::ParsingDeclRAIIObject&, clang::SourceLocation&, clang::ParsedAttributes&, clang::AccessSpecifier) build-llvm/tools/clang/stage2-bins/clang/lib/Parse/ParseTemplate.cpp:361:12
#33 0x000073a88fa4fa56 clang::Parser::ParseTemplateDeclarationOrSpecialization(clang::DeclaratorContext, clang::SourceLocation&, clang::ParsedAttributes&, clang::AccessSpecifier) build-llvm/tools/clang/stage2-bins/clang/lib/Parse/ParseTemplate.cpp:0:0
#34 0x000073a88fa4f3d5 ObjCDeclContextSwitch build-llvm/tools/clang/stage2-bins/clang/include/clang/Parse/Parser.h:1059:11
#35 0x000073a88fa4f3d5 clang::Parser::ParseDeclarationStartingWithTemplate(clang::DeclaratorContext, clang::SourceLocation&, clang::ParsedAttributes&, clang::AccessSpecifier) build-llvm/tools/clang/stage2-bins/clang/lib/Parse/ParseTemplate.cpp:42:25
#36 0x000073a88f9ab2cd clang::Parser::ParseDeclaration(clang::DeclaratorContext, clang::SourceLocation&, clang::ParsedAttributes&, clang::ParsedAttributes&, clang::SourceLocation*) build-llvm/tools/clang/stage2-bins/clang/lib/Parse/ParseDecl.cpp:1960:10
#37 0x000073a88fa6148f clang::Parser::ParseExternalDeclaration(clang::ParsedAttributes&, clang::ParsedAttributes&, clang::ParsingDeclSpec*) build-llvm/tools/clang/stage2-bins/clang/lib/Parse/Parser.cpp:0:0
#38 0x000073a88fa5ff7b clang::Parser::ParseTopLevelDecl(clang::OpaquePtr<clang::DeclGroupRef>&, clang::Sema::ModuleImportState&) build-llvm/tools/clang/stage2-bins/clang/lib/Parse/Parser.cpp:760:10
#39 0x000073a88f99747e clang::ParseAST(clang::Sema&, bool, bool) build-llvm/tools/clang/stage2-bins/clang/lib/Parse/ParseAST.cpp:162:5
#40 0x000073a89180662c clang::FrontendAction::Execute() build-llvm/tools/clang/stage2-bins/clang/lib/Frontend/FrontendAction.cpp:1073:10
#41 0x000073a8917830b4 getPtr build-llvm/tools/clang/stage2-bins/llvm/include/llvm/Support/Error.h:279:12
#42 0x000073a8917830b4 operator bool build-llvm/tools/clang/stage2-bins/llvm/include/llvm/Support/Error.h:239:16
#43 0x000073a8917830b4 clang::CompilerInstance::ExecuteAction(clang::FrontendAction&) build-llvm/tools/clang/stage2-bins/clang/lib/Frontend/CompilerInstance.cpp:1057:23
#44 0x000073a89188263d clang::ExecuteCompilerInvocation(clang::CompilerInstance*) build-llvm/tools/clang/stage2-bins/clang/lib/FrontendTool/ExecuteCompilerInvocation.cpp:272:25
#45 0x000062814b96d42e cc1_main(llvm::ArrayRef<char const*>, char const*, void*) build-llvm/tools/clang/stage2-bins/clang/tools/driver/cc1_main.cpp:294:15
#46 0x000062814b96a894 ExecuteCC1Tool build-llvm/tools/clang/stage2-bins/clang/tools/driver/driver.cpp:365:12
#47 0x000062814b969a26 clang_main(int, char**, llvm::ToolContext const&) build-llvm/tools/clang/stage2-bins/clang/tools/driver/driver.cpp:405:12
#48 0x000062814b977383 main build-llvm/tools/clang/stage2-bins/build-llvm/tools/clang/stage2-bins/tools/clang/tools/driver/clang-driver.cpp:17:10
#49 0x000073a886e2a1ca __libc_start_call_main ./csu/../sysdeps/nptl/libc_start_call_main.h:74:3
#50 0x000073a886e2a28b call_init ./csu/../csu/libc-start.c:128:20
#51 0x000073a886e2a28b __libc_start_main ./csu/../csu/libc-start.c:347:5
#52 0x000062814b967255 _start (/usr/lib/llvm-18/bin/clang+0xe255)
clang-18: error: unable to execute command: Segmentation fault (core dumped)
clang-18: error: clang frontend command failed due to signal (use -v to see invocation)
Ubuntu clang version 18.1.3 (1ubuntu1)
Target: x86_64-pc-linux-gnu
Thread model: posix
InstalledDir: /usr/bin
clang-18: note: diagnostic msg: 
********************

PLEASE ATTACH THE FOLLOWING FILES TO THE BUG REPORT:
Preprocessed source(s) and associated run script(s) are located at:
clang-18: note: diagnostic msg: /tmp/test-046902.cpp
clang-18: note: diagnostic msg: /tmp/test-046902.sh
clang-18: note: diagnostic msg: 

********************


#include <concepts>

template <class... Args> struct Signal_binder {
  Signal_binder(std::regular_invocable<const Args &...> auto &&functor);
};

template <class... Args>
Signal_binder<Args...>::Signal_binder(
    std::regular_invocable<const Args &...> auto &&functor) {}


Bug Labels:
clang:frontend, crash