Issue Title:
Explicitly instantiating a class template with a lambda in a default member initializer leads to bad AST

Source Code & Bug Trace:
1.	tests.cc:279:39: current parser token ';'
2.	tests.cc:33:1: parsing namespace 'wreport'
3.	tests.cc:34:1: parsing namespace 'wreport::tests'
4.	../wreport/tests.h:77:59: instantiating function definition 'wreport::tests::TestCodec<wreport::BufrBulletin>::(anonymous class)::operator()'
5.	../wreport/tests.h:77:59: LLVM IR generation of declaration 'wreport::tests::TestCodec<wreport::BufrBulletin>::(anonymous class)::operator()'
6.	../wreport/tests.h:77:59: Generating code for declaration 'wreport::tests::TestCodec<wreport::BufrBulletin>::(anonymous class)::operator()'
clang-4.0: error: unable to execute command: Segmentation fault (core dumped)
clang-4.0: error: clang frontend command failed due to signal (use -v to see invocation)
clang version 4.0.0 (trunk 283963)
Target: x86_64-unknown-linux-gnu
Thread model: posix
InstalledDir: /usr/local/bin
clang-4.0: note: diagnostic msg: PLEASE submit a bug report to http://llvm.org/bugs/ and include the crash backtrace, preprocessed source, and associated run script.
clang-4.0: note: diagnostic msg: 
********************

PLEASE ATTACH THE FOLLOWING FILES TO THE BUG REPORT:
Preprocessed source(s) and associated run script(s) are located at:
clang-4.0: note: diagnostic msg: /tmp/tests-489137.cpp
clang-4.0: note: diagnostic msg: /tmp/tests-489137.sh


Bug Labels:
bugzilla, c++11, clang:frontend, crash