Issue Title:
Assertion hit: "consteval function should never be emitted"

Source Code & Bug Trace:
% cmake --build out && ctest --test-dir out --output-on-failure -j 64 -R 
[27/82] Building CXX object subspace/CMakeFiles/subspace_unittests.dir/ops/range_unittest.cc.o
FAILED: subspace/CMakeFiles/subspace_unittests.dir/ops/range_unittest.cc.o 
/home/danakj/s/c/src/third_party/llvm-build/Release+Asserts/bin/clang++  -I/home/danakj/s/subspace -I/home/danakj/s/subspace/third_party/googletest -isystem /home/danakj/s/subspace/third_party/googletest/googletest/include -isystem /home/danakj/s/subspace/third_party/googletest/googletest -isystem /usr/include/c++/12 -isystem /usr/include/x86_64-linux-gnu/c++/12 -isystem /usr/include/c++/12/backward -isystem /home/danakj/s/c/src/third_party/llvm-build/Release+Asserts/lib/clang/17/include -isystem /usr/local/include -isystem /usr/include/x86_64-linux-gnu -isystem /usr/include -g -fno-rtti -Werror -std=gnu++20 -MD -MT subspace/CMakeFiles/subspace_unittests.dir/ops/range_unittest.cc.o -MF subspace/CMakeFiles/subspace_unittests.dir/ops/range_unittest.cc.o.d -o subspace/CMakeFiles/subspace_unittests.dir/ops/range_unittest.cc.o -c /home/danakj/s/subspace/subspace/ops/range_unittest.cc
clang++: /home/danakj/s/c/src/third_party/llvm/clang/lib/CodeGen/CodeGenModule.cpp:4189: llvm::Constant *clang::CodeGen::CodeGenModule::GetAddrOfFunction(GlobalDecl, llvm::Type *, bool, bool, ForDefinition_t): Assertion `!cast<FunctionDecl>(GD.getDecl())->isConsteval() && "consteval function should never be emitted"' failed.
PLEASE submit a bug report to https://crbug.com in the Tools>LLVM component, run tools/clang/scripts/process_crashreports.py (only if inside Google) to upload crash related files, and include the crash backtrace, preprocessed source, and associated run script.
Stack dump:
0.	Program arguments: /home/danakj/s/c/src/third_party/llvm-build/Release+Asserts/bin/clang++ -I/home/danakj/s/subspace -I/home/danakj/s/subspace/third_party/googletest -isystem /home/danakj/s/subspace/third_party/googletest/googletest/include -isystem /home/danakj/s/subspace/third_party/googletest/googletest -isystem /usr/include/c++/12 -isystem /usr/include/x86_64-linux-gnu/c++/12 -isystem /usr/include/c++/12/backward -isystem /home/danakj/s/c/src/third_party/llvm-build/Release+Asserts/lib/clang/17/include -isystem /usr/local/include -isystem /usr/include/x86_64-linux-gnu -isystem /usr/include -g -fno-rtti -Werror -std=gnu++20 -MD -MT subspace/CMakeFiles/subspace_unittests.dir/ops/range_unittest.cc.o -MF subspace/CMakeFiles/subspace_unittests.dir/ops/range_unittest.cc.o.d -o subspace/CMakeFiles/subspace_unittests.dir/ops/range_unittest.cc.o -c /home/danakj/s/subspace/subspace/ops/range_unittest.cc
1.	<eof> parser at end of file
2.	Per-file LLVM IR generation
3.	/home/danakj/s/subspace/subspace/option/option.h:341:15: Generating code for declaration 'sus::option::Option<sus::num::usize>::unwrap'
#0 0x000055ed161587d7 llvm::sys::PrintStackTrace(llvm::raw_ostream&, int) (/home/danakj/s/c/src/third_party/llvm-build/Release+Asserts/bin/clang+++0x490f7d7)
clang++: error: clang frontend command failed with exit code 134 (use -v to see invocation)
clang version 17.0.0 (https://chromium.googlesource.com/external/github.com/llvm/llvm-project 6e30dffe71cbcc22ba84b31b056c58f6d588c897)
Target: x86_64-unknown-linux-gnu
Thread model: posix
InstalledDir: /home/danakj/s/c/src/third_party/llvm-build/Release+Asserts/bin
clang++: note: diagnostic msg: 
********************

PLEASE ATTACH THE FOLLOWING FILES TO THE BUG REPORT:
Preprocessed source(s) and associated run script(s) are located at:
clang++: note: diagnostic msg: /tmp/range_unittest-763415.cpp
clang++: note: diagnostic msg: /tmp/range_unittest-763415.sh
clang++: note: diagnostic msg: 

********************

Bug Labels:
clang:frontend, confirmed, consteval, crash